# JRE version: Java(TM) SE Runtime Environment 18.9 (11.0.10+8) (build 11.0.10+8-LTS-162)
# Java VM: Java HotSpot(TM) 64-Bit Server VM 18.9 (11.0.10+8-LTS-162, mixed mode, tiered, compressed oops, g1 gc, windows-amd64)
Heap:
 garbage-first heap   total 249856K, used 120764K [0x0000000080000000, 0x0000000100000000)
  region size 1024K, 2 young (2048K), 2 survivors (2048K)
 Metaspace       used 118020K, capacity 120850K, committed 121496K, reserved 1155072K
  class space    used 14577K, capacity 15623K, committed 15948K, reserved 1048576K
GC Heap History (10 events):
Event: 1982.276 GC heap after
{Heap after GC invocations=96 (full 0):
 garbage-first heap   total 196608K, used 137622K [0x0000000080000000, 0x0000000100000000)
  region size 1024K, 2 young (2048K), 2 survivors (2048K)
 Metaspace       used 117957K, capacity 120829K, committed 121496K, reserved 1155072K
  class space    used 14567K, capacity 15617K, committed 15948K, reserved 1048576K
}
Event: 1982.420 GC heap before
{Heap before GC invocations=96 (full 0):
 garbage-first heap   total 196608K, used 160150K [0x0000000080000000, 0x0000000100000000)
  region size 1024K, 25 young (25600K), 2 survivors (2048K)
 Metaspace       used 117972K, capacity 120829K, committed 121496K, reserved 1155072K
  class space    used 14570K, capacity 15617K, committed 15948K, reserved 1048576K
}
Event: 1982.423 GC heap after
{Heap after GC invocations=97 (full 0):
 garbage-first heap   total 196608K, used 138644K [0x0000000080000000, 0x0000000100000000)
  region size 1024K, 3 young (3072K), 3 survivors (3072K)
 Metaspace       used 117972K, capacity 120829K, committed 121496K, reserved 1155072K
  class space    used 14570K, capacity 15617K, committed 15948K, reserved 1048576K
}
Event: 1982.785 GC heap before
{Heap before GC invocations=98 (full 0):
 garbage-first heap   total 196608K, used 161172K [0x0000000080000000, 0x0000000100000000)
  region size 1024K, 26 young (26624K), 3 survivors (3072K)
 Metaspace       used 118010K, capacity 120838K, committed 121496K, reserved 1155072K
  class space    used 14574K, capacity 15619K, committed 15948K, reserved 1048576K
}
Event: 1982.794 GC heap after
{Heap after GC invocations=99 (full 0):
 garbage-first heap   total 196608K, used 138970K [0x0000000080000000, 0x0000000100000000)
  region size 1024K, 3 young (3072K), 3 survivors (3072K)
 Metaspace       used 118010K, capacity 120838K, committed 121496K, reserved 1155072K
  class space    used 14574K, capacity 15619K, committed 15948K, reserved 1048576K
}
Event: 1982.813 GC heap before
{Heap before GC invocations=99 (full 0):
 garbage-first heap   total 196608K, used 144090K [0x0000000080000000, 0x0000000100000000)
  region size 1024K, 9 young (9216K), 3 survivors (3072K)
 Metaspace       used 118010K, capacity 120838K, committed 121496K, reserved 1155072K
  class space    used 14574K, capacity 15619K, committed 15948K, reserved 1048576K
}
Event: 1982.824 GC heap after
{Heap after GC invocations=100 (full 0):
 garbage-first heap   total 196608K, used 123095K [0x0000000080000000, 0x0000000100000000)
  region size 1024K, 1 young (1024K), 1 survivors (1024K)
 Metaspace       used 118010K, capacity 120838K, committed 121496K, reserved 1155072K
  class space    used 14574K, capacity 15619K, committed 15948K, reserved 1048576K
}
Event: 1983.011 GC heap before
{Heap before GC invocations=100 (full 0):
 garbage-first heap   total 196608K, used 131287K [0x0000000080000000, 0x0000000100000000)
  region size 1024K, 9 young (9216K), 1 survivors (1024K)
 Metaspace       used 118018K, capacity 120850K, committed 121496K, reserved 1155072K
  class space    used 14576K, capacity 15623K, committed 15948K, reserved 1048576K
}
Event: 1983.020 GC heap after
{Heap after GC invocations=101 (full 0):
 garbage-first heap   total 196608K, used 120679K [0x0000000080000000, 0x0000000100000000)
  region size 1024K, 2 young (2048K), 2 survivors (2048K)
 Metaspace       used 118018K, capacity 120850K, committed 121496K, reserved 1155072K
  class space    used 14576K, capacity 15623K, committed 15948K, reserved 1048576K
}
Event: 1983.045 GC heap before
{Heap before GC invocations=101 (full 0):
 garbage-first heap   total 196608K, used 124775K [0x0000000080000000, 0x0000000100000000)
  region size 1024K, 7 young (7168K), 2 survivors (2048K)
 Metaspace       used 118020K, capacity 120850K, committed 121496K, reserved 1155072K
  class space    used 14577K, capacity 15623K, committed 15948K, reserved 1048576K
}

