# JRE version: Java(TM) SE Runtime Environment 18.9 (11.0.10+8) (build 11.0.10+8-LTS-162)
# Java VM: Java HotSpot(TM) 64-Bit Server VM 18.9 (11.0.10+8-LTS-162, mixed mode, tiered, compressed oops, g1 gc, windows-amd64)
Heap:
 garbage-first heap   total 196608K, used 31316K [0x0000000080000000, 0x0000000100000000)
  region size 1024K, 17 young (17408K), 3 survivors (3072K)
 Metaspace       used 28450K, capacity 29110K, committed 29312K, reserved 1075200K
  class space    used 3694K, capacity 3915K, committed 3968K, reserved 1048576K
GC Heap History (6 events):
Event: 0.770 GC heap before
{Heap before GC invocations=0 (full 0):
 garbage-first heap   total 196608K, used 29696K [0x0000000080000000, 0x0000000100000000)
  region size 1024K, 24 young (24576K), 0 survivors (0K)
 Metaspace       used 10775K, capacity 11003K, committed 11264K, reserved 1058816K
  class space    used 1135K, capacity 1201K, committed 1280K, reserved 1048576K
}
Event: 0.774 GC heap after
{Heap after GC invocations=1 (full 0):
 garbage-first heap   total 196608K, used 8609K [0x0000000080000000, 0x0000000100000000)
  region size 1024K, 3 young (3072K), 3 survivors (3072K)
 Metaspace       used 10775K, capacity 11003K, committed 11264K, reserved 1058816K
  class space    used 1135K, capacity 1201K, committed 1280K, reserved 1048576K
}
Event: 2.313 GC heap before
{Heap before GC invocations=1 (full 0):
 garbage-first heap   total 196608K, used 87457K [0x0000000080000000, 0x0000000100000000)
  region size 1024K, 81 young (82944K), 3 survivors (3072K)
 Metaspace       used 20629K, capacity 21042K, committed 21248K, reserved 1069056K
  class space    used 2419K, capacity 2541K, committed 2560K, reserved 1048576K
}
Event: 2.320 GC heap after
{Heap after GC invocations=2 (full 0):
 garbage-first heap   total 196608K, used 15868K [0x0000000080000000, 0x0000000100000000)
  region size 1024K, 11 young (11264K), 11 survivors (11264K)
 Metaspace       used 20629K, capacity 21042K, committed 21248K, reserved 1069056K
  class space    used 2419K, capacity 2541K, committed 2560K, reserved 1048576K
}
Event: 3.280 GC heap before
{Heap before GC invocations=3 (full 0):
 garbage-first heap   total 196608K, used 69116K [0x0000000080000000, 0x0000000100000000)
  region size 1024K, 63 young (64512K), 11 survivors (11264K)
 Metaspace       used 26834K, capacity 27456K, committed 27776K, reserved 1073152K
  class space    used 3443K, capacity 3642K, committed 3712K, reserved 1048576K
}
Event: 3.287 GC heap after
{Heap after GC invocations=4 (full 0):
 garbage-first heap   total 196608K, used 18004K [0x0000000080000000, 0x0000000100000000)
  region size 1024K, 3 young (3072K), 3 survivors (3072K)
 Metaspace       used 26834K, capacity 27456K, committed 27776K, reserved 1073152K
  class space    used 3443K, capacity 3642K, committed 3712K, reserved 1048576K
}

